2023-11-25 13:08:00 info: GET /user [32m200 6.359 ms - 29
2023-11-25 13:08:28 error: 500 - user is not defined - /user - GET - ::ffff:127.0.0.1
2023-11-25 13:08:28 info: GET /user [31m500 17.427 ms - 1427
2023-11-25 13:55:04 error: 500 - checkValidation is not defined - /user/register - POST - ::ffff:127.0.0.1
2023-11-25 13:55:04 info: POST /user/register [31m500 42.608 ms - 1449
2023-11-25 13:55:31 error: 500 - User validation failed: tokens.0: Cast to [string] failed for value "[\n' +
  '  {\n' +
  "    token: 'eyJhbGciOiJIUzI1NiIsInR5cCI6IkpXVCJ9.eyJfaWQiOiI2NTYxZWViZTY2NzNlMDliNDczMzA4ODIiLCJpYXQiOjE3MDA5MTY5MzEsImV4cCI6MTcwMTAwMzMzMX0.rhqD_wwKS_xB9ab7GzYV3W8wzLNWe1nvkwgfcGF5mh0'\n" +
  '  }\n' +
  ']" (type string) at path "tokens.0" because of "CastError", email: Path `email` is required., lastName: Path `lastName` is required., firstName: Path `firstName` is required. - /user/register - POST - ::ffff:127.0.0.1
2023-11-25 13:55:31 info: POST /user/register [31m500 5121.891 ms - 1807
2023-11-25 14:01:41 error: 500 - Cannot read properties of undefined (reading 'trim') - /user/register - POST - ::ffff:127.0.0.1
2023-11-25 14:01:41 info: POST /user/register [31m500 23.182 ms - 1469
2023-11-25 14:03:31 info: GET /user [32m200 7.920 ms - 29
2023-11-25 14:03:35 error: 500 - User validation failed: tokens.0: Cast to [string] failed for value "[\n' +
  '  {\n' +
  "    token: 'eyJhbGciOiJIUzI1NiIsInR5cCI6IkpXVCJ9.eyJfaWQiOiI2NTYxZjBhNjI3MzdkZDg0ZmE5ZWI3ZWIiLCJpYXQiOjE3MDA5MTc0MTUsImV4cCI6MTcwMTAwMzgxNX0.JW6ZfgwfMHvtAYwYy9AbpFEW5exYJPSOM_EoFEJeBdc'\n" +
  '  }\n' +
  ']" (type string) at path "tokens.0" because of "CastError", email: Path `email` is required., lastName: Path `lastName` is required., firstName: Path `firstName` is required. - /user/register - POST - ::ffff:127.0.0.1
2023-11-25 14:03:35 info: POST /user/register [31m500 456.781 ms - 1807
2023-11-25 14:05:15 error: 500 - User validation failed: tokens.0: Cast to [string] failed for value "[\n' +
  '  {\n' +
  "    token: 'eyJhbGciOiJIUzI1NiIsInR5cCI6IkpXVCJ9.eyJfaWQiOiI2NTYxZjEwYTA3MDU3OWYyMTQyNGU0ZDMiLCJpYXQiOjE3MDA5MTc1MTUsImV4cCI6MTcwMTAwMzkxNX0.14gxYSGUgGPrNiQ_GHG3pNt3unVXZ_1eO-ZpaDUu3ho'\n" +
  '  }\n' +
  ']" (type string) at path "tokens.0" because of "CastError", email: Path `email` is required., lastName: Path `lastName` is required. - /user/register - POST - ::ffff:127.0.0.1
2023-11-25 14:05:15 info: POST /user/register [31m500 1416.962 ms - 1723
2023-11-25 14:08:21 error: 500 - User validation failed: tokens.0: Cast to [string] failed for value "[\n' +
  '  {\n' +
  "    token: 'eyJhbGciOiJIUzI1NiIsInR5cCI6IkpXVCJ9.eyJfaWQiOiI2NTYxZjFjNGI2Y2UwN2Q2MjhmYWE0ZTciLCJpYXQiOjE3MDA5MTc3MDEsImV4cCI6MTcwMTAwNDEwMX0.qGo1-rIqtArsRIZt_eFO3B_A-KwICO1_Ol5IeGYNGi0'\n" +
  '  }\n' +
  ']" (type string) at path "tokens.0" because of "CastError", email: Path `email` is required., lastName: Path `lastName` is required. - /user/register - POST - ::ffff:127.0.0.1
2023-11-25 14:08:21 info: POST /user/register [31m500 299.899 ms - 1723
2023-11-25 14:08:49 error: 500 - User validation failed: tokens.0: Cast to [string] failed for value "[\n' +
  '  {\n' +
  "    token: 'eyJhbGciOiJIUzI1NiIsInR5cCI6IkpXVCJ9.eyJfaWQiOiI2NTYxZjFlMWI2Y2UwN2Q2MjhmYWE0ZTkiLCJpYXQiOjE3MDA5MTc3MjksImV4cCI6MTcwMTAwNDEyOX0.RrMV2SysPAqyVAmfMvcwXDFudBLqSk-KX_jfhxTJ600'\n" +
  '  }\n' +
  ']" (type string) at path "tokens.0" because of "CastError", email: Path `email` is required., lastName: Path `lastName` is required. - /user/register - POST - ::ffff:127.0.0.1
2023-11-25 14:08:49 info: POST /user/register [31m500 338.695 ms - 1723
2023-11-25 14:09:36 error: 500 - User validation failed: tokens.0: Cast to [string] failed for value "[\n' +
  '  {\n' +
  "    token: 'eyJhbGciOiJIUzI1NiIsInR5cCI6IkpXVCJ9.eyJfaWQiOiI2NTYxZjIwZjhhMDlmNzgyMTc3YTBhZjMiLCJpYXQiOjE3MDA5MTc3NzYsImV4cCI6MTcwMTAwNDE3Nn0.V_O_CcAEDFFZ8DJBHn06OnE971oHq0ZZK4pJQXrlKRw'\n" +
  '  }\n' +
  ']" (type string) at path "tokens.0" because of "CastError", email: Path `email` is required., lastName: Path `lastName` is required. - /user/register - POST - ::ffff:127.0.0.1
2023-11-25 14:09:36 info: POST /user/register [31m500 362.433 ms - 1723
2023-11-25 14:10:29 error: 500 - token is not defined - /user/register - POST - ::ffff:127.0.0.1
2023-11-25 14:10:29 info: POST /user/register [31m500 406.214 ms - 307
2023-11-25 14:10:49 info: POST /user/register - - ms - -
2023-11-25 14:12:24 error: 500 - User validation failed: tokens.0: Cast to [string] failed for value "[\n' +
  '  {\n' +
  "    token: 'eyJhbGciOiJIUzI1NiIsInR5cCI6IkpXVCJ9.eyJfaWQiOiI2NTYxZjJiN2QyZGY4ZDI2YjYxZDI1OGMiLCJpYXQiOjE3MDA5MTc5NDQsImV4cCI6MTcwMTAwNDM0NH0.3fw7ZNoo_4Nd1-Qa7pXBF3M6nfsSnRPGn25ksVptCz4'\n" +
  '  }\n' +
  ']" (type string) at path "tokens.0" because of "CastError", email: Path `email` is required., lastName: Path `lastName` is required. - /user/register - POST - ::ffff:127.0.0.1
2023-11-25 14:12:24 info: POST /user/register [31m500 554.661 ms - 1723
2023-11-25 14:13:10 error: 500 - Cannot read properties of undefined (reading 'toString') - /user/register - POST - ::ffff:127.0.0.1
2023-11-25 14:13:10 info: POST /user/register [31m500 31.269 ms - 1477
2023-11-25 14:13:35 error: 500 - Cannot read properties of undefined (reading 'toString') - /user/register - POST - ::ffff:127.0.0.1
2023-11-25 14:13:35 info: POST /user/register [31m500 34.544 ms - 1477
2023-11-25 14:14:54 error: 400 - Please fill all the inputs - /user/register - POST - ::ffff:127.0.0.1
2023-11-25 14:14:54 info: POST /user/register [33m400 23.194 ms - 1433
2023-11-25 14:15:35 error: 500 - User validation failed: tokens.0: Cast to [string] failed for value "[\n' +
  '  {\n' +
  "    token: 'eyJhbGciOiJIUzI1NiIsInR5cCI6IkpXVCJ9.eyJfaWQiOiI2NTYxZjM3N2QzOGE2OTMzNmFmMWZjMzkiLCJpYXQiOjE3MDA5MTgxMzUsImV4cCI6MTcwMTAwNDUzNX0.bKzoJVxYbnd6ldDUsLwU2ly7nlzu1Je8wZn8QcVnGW8'\n" +
  '  }\n' +
  ']" (type string) at path "tokens.0" because of "CastError" - /user/register - POST - ::ffff:127.0.0.1
2023-11-25 14:15:35 info: POST /user/register [31m500 226.013 ms - 1575
2023-11-25 14:19:51 error: 500 - User validation failed: tokens.0: Cast to [string] failed for value "[\n' +
  '  {\n' +
  "    token: 'eyJhbGciOiJIUzI1NiIsInR5cCI6IkpXVCJ9.eyJfaWQiOiI2NTYxZjQ3N2JkZWY2YTA0OWRiNGRkNTUiLCJpYXQiOjE3MDA5MTgzOTEsImV4cCI6MTcwMTAwNDc5MX0.REUT1_3k5aPsHtHfojPo9gMf4mY81apqwRbNNglfCrA'\n" +
  '  }\n' +
  ']" (type string) at path "tokens.0" because of "CastError", password: Password must be strong with at least 8 characters, including uppercase, lowercase, and numbers - /user/register - POST - ::ffff:127.0.0.1
2023-11-25 14:19:51 info: POST /user/register [31m500 258.968 ms - 1789
2023-11-25 14:21:39 error: 500 - User validation failed: tokens.0: Cast to [string] failed for value "[\n' +
  '  {\n' +
  "    token: 'eyJhbGciOiJIUzI1NiIsInR5cCI6IkpXVCJ9.eyJfaWQiOiI2NTYxZjRlMzE2ZTJlNjc2MWNmNmIyMmEiLCJpYXQiOjE3MDA5MTg0OTksImV4cCI6MTcwMTAwNDg5OX0.hjgSidT1lb8XQptR9P8EjVAWNg5DnMFTnjBmVFRy23s'\n" +
  '  }\n' +
  ']" (type string) at path "tokens.0" because of "CastError", password: Password cannot include passord - /user/register - POST - ::ffff:127.0.0.1
2023-11-25 14:21:39 info: POST /user/register [31m500 397.477 ms - 1661
2023-11-25 14:22:02 error: 500 - User validation failed: tokens.0: Cast to [string] failed for value "[\n' +
  '  {\n' +
  "    token: 'eyJhbGciOiJIUzI1NiIsInR5cCI6IkpXVCJ9.eyJfaWQiOiI2NTYxZjRmOTE2ZTJlNjc2MWNmNmIyMmMiLCJpYXQiOjE3MDA5MTg1MjIsImV4cCI6MTcwMTAwNDkyMn0._G7MQP4AnazKzB5VavXlw2UfblgN52ty4Sz3HHsUTu4'\n" +
  '  }\n' +
  ']" (type string) at path "tokens.0" because of "CastError" - /user/register - POST - ::ffff:127.0.0.1
2023-11-25 14:22:02 info: POST /user/register [31m500 194.942 ms - 1575
2023-11-25 14:22:11 error: 500 - User validation failed: tokens.0: Cast to [string] failed for value "[\n' +
  '  {\n' +
  "    token: 'eyJhbGciOiJIUzI1NiIsInR5cCI6IkpXVCJ9.eyJfaWQiOiI2NTYxZjUwMzE2ZTJlNjc2MWNmNmIyMmUiLCJpYXQiOjE3MDA5MTg1MzEsImV4cCI6MTcwMTAwNDkzMX0.x3n-TAcZWjQjILY_WWDgwSY_ooczCeR0eR1aEpYHwjQ'\n" +
  '  }\n' +
  ']" (type string) at path "tokens.0" because of "CastError" - /user/register - POST - ::ffff:127.0.0.1
2023-11-25 14:22:11 info: POST /user/register [31m500 437.164 ms - 1575
2023-11-25 14:23:17 error: 500 - User validation failed: password: Password must be strong with at least 8 characters, including uppercase, lowercase, and numbers - /user/register - POST - ::ffff:127.0.0.1
2023-11-25 14:23:17 info: POST /user/register [31m500 338.652 ms - 791
2023-11-25 14:23:25 info: POST /user/register [32m200 457.450 ms - 334
2023-11-25 14:38:38 error: 404 - route not found - /user/login - GET - ::ffff:127.0.0.1
2023-11-25 14:38:38 info: GET /user/login [33m404 15.009 ms - 57
2023-11-25 14:38:54 error: 401 - Invalid login credentials - /user/login - POST - ::ffff:127.0.0.1
2023-11-25 14:38:54 info: POST /user/login [33m401 159.971 ms - 452
2023-11-25 14:38:59 error: 401 - Invalid login credentials - /user/login - POST - ::ffff:127.0.0.1
2023-11-25 14:38:59 info: POST /user/login [33m401 169.169 ms - 452
2023-11-25 14:39:13 error: 401 - Invalid login credentials - /user/login - POST - ::ffff:127.0.0.1
2023-11-25 14:39:13 info: POST /user/login [33m401 280.703 ms - 452
2023-11-25 14:42:12 error: 401 - Invalid login credentials - /user/login - POST - ::ffff:127.0.0.1
2023-11-25 14:42:12 info: POST /user/login [33m401 441.664 ms - 452
2023-11-25 14:42:57 error: 400 - Email already registered - /user/register - POST - ::ffff:127.0.0.1
2023-11-25 14:42:57 info: POST /user/register [33m400 226.052 ms - 306
2023-11-25 14:43:06 error: 401 - Invalid login credentials - /user/login - POST - ::ffff:127.0.0.1
2023-11-25 14:43:06 info: POST /user/login [33m401 206.996 ms - 452
2023-11-25 14:44:00 error: 401 - Invalid login credentials - /user/login - POST - ::ffff:127.0.0.1
2023-11-25 14:44:00 info: POST /user/login [33m401 213.131 ms - 452
2023-11-25 14:44:30 error: 401 - Invalid login credentials - /user/login - POST - ::ffff:127.0.0.1
2023-11-25 14:44:30 info: POST /user/login [33m401 350.897 ms - 452
2023-11-25 14:45:14 error: 401 - Incorrect password - /user/login - POST - ::ffff:127.0.0.1
2023-11-25 14:45:15 info: POST /user/login [33m401 3667.276 ms - 355
2023-11-25 14:45:32 info: POST /user/login [32m200 438.007 ms - 121
2023-11-25 14:58:55 info: POST /user/login [32m200 488.096 ms - 121
2023-11-25 14:59:49 info: POST /user/login [32m200 680.678 ms - 121
2023-11-25 15:14:44 info: GET /user/profile [32m200 4.653 ms - -
2023-11-25 15:15:18 error: 500 - user is not defined - /user/profile - GET - ::1
2023-11-25 15:15:18 info: GET /user/profile [31m500 23.215 ms - 1428
2023-11-25 15:15:49 info: GET /user/profile [32m200 6.815 ms - -
2023-11-25 15:30:27 error: 404 - Please authenticate - /user/profile - GET - ::1
2023-11-25 15:30:27 info: GET /user/profile [33m404 22.270 ms - 61
2023-11-25 15:31:24 info: POST /user/login [32m200 469.353 ms - 121
2023-11-25 15:32:39 info: POST /user/login [32m200 445.980 ms - 121
2023-11-25 15:32:57 info: POST /user/login [32m200 375.899 ms - 121
2023-11-25 15:33:06 error: 404 - route not found - /user/profile - POST - ::1
2023-11-25 15:33:06 info: POST /user/profile [33m404 3.664 ms - 57
2023-11-25 15:35:50 info: POST /user/login [32m200 682.021 ms - 121
2023-11-25 15:36:03 error: 500 - jwt must be a string - /user/profile - GET - ::1
2023-11-25 15:36:03 info: GET /user/profile [31m500 6.111 ms - 1432
2023-11-25 15:37:53 error: 500 - jwt must be a string - /user/profile - GET - ::1
2023-11-25 15:37:53 info: GET /user/profile [31m500 24.356 ms - 1432
2023-11-25 15:38:23 error: 500 - jwt malformed - /user/profile - GET - ::1
2023-11-25 15:38:23 info: GET /user/profile [31m500 26.994 ms - 1418
2023-11-25 15:39:32 info: GET /user/profile [32m200 6.439 ms - 15
2023-11-25 15:39:32 error: 500 - jwt malformed - /user/profile - GET - ::1
2023-11-25 15:39:52 info: GET /user/profile [32m200 5.622 ms - 1
2023-11-25 15:39:52 error: 500 - jwt malformed - /user/profile - GET - ::1
2023-11-25 15:41:03 info: GET /user/profile [32m200 6.061 ms - 1
2023-11-25 15:41:03 error: 500 - jwt malformed - /user/profile - GET - ::1
2023-11-25 15:41:55 error: 404 - route not found - /user/login - GET - ::1
2023-11-25 15:41:55 info: GET /user/login [33m404 18.525 ms - 57
2023-11-25 15:42:08 info: POST /user/login [32m200 516.179 ms - 121
2023-11-25 15:43:47 info: POST /user/login [32m200 5940.557 ms - 121
2023-11-25 15:45:58 info: POST /user/login [32m200 506.137 ms - 122
2023-11-25 15:46:08 error: 404 - route not found - /user/lprofile - GET - ::1
2023-11-25 15:46:08 info: GET /user/lprofile [33m404 4.254 ms - 57
2023-11-25 15:46:26 error: 401 - Invalid token - /user/profile - GET - ::1
2023-11-25 15:46:26 info: GET /user/profile [33m401 9.444 ms - 1402
2023-11-25 15:49:00 info: POST /user/login [32m200 593.926 ms - 122
2023-11-25 15:49:11 error: 404 - route not found - /user/profile - POST - ::1
2023-11-25 15:49:11 info: POST /user/profile [33m404 3.754 ms - 57
2023-11-25 15:49:16 error: 401 - Invalid token - /user/profile - GET - ::1
2023-11-25 15:49:16 info: GET /user/profile [33m401 8.529 ms - 1402
2023-11-25 15:55:37 error: 401 - Invalid token - /user/profile - GET - ::1
2023-11-25 15:55:37 info: GET /user/profile [33m401 25.364 ms - 1402
2023-11-25 15:55:46 error: 500 - encodedToken is not defined - /user/login - POST - ::1
2023-11-25 15:55:46 info: POST /user/login [31m500 253.432 ms - 238
2023-11-25 15:56:26 info: POST /user/login [32m200 17363.911 ms - 122
2023-11-25 15:56:28 info: POST /user/login [32m200 9240.246 ms - 122
2023-11-25 15:57:28 info: POST /user/login [32m200 525.834 ms - 122
2023-11-25 15:57:51 info: POST /user/login [32m200 758.833 ms - 122
2023-11-25 15:59:00 error: 500 - prop is not defined - /user/login - POST - ::1
2023-11-25 15:59:01 info: POST /user/login [31m500 386.810 ms - 221
2023-11-25 15:59:26 error: 500 - prop is not defined - /user/login - POST - ::1
2023-11-25 15:59:26 info: POST /user/login [31m500 289.892 ms - 221
2023-11-25 15:59:46 info: POST /user/login [32m200 2231.805 ms - 122
2023-11-25 16:00:24 info: POST /user/login [32m200 575.578 ms - 122
2023-11-25 16:00:56 info: POST /user/login [32m200 1828.507 ms - 122
2023-11-25 16:01:43 info: POST /user/login [32m200 608.987 ms - 122
2023-11-25 16:02:53 info: POST /user/login [32m200 545.175 ms - 122
2023-11-25 16:03:06 error: 401 - Invalid token - /user/profile - GET - ::1
2023-11-25 16:03:06 info: GET /user/profile [33m401 21.300 ms - 1402
2023-11-25 16:04:57 error: 401 - Invalid token - /user/profile - GET - ::1
2023-11-25 16:04:57 info: GET /user/profile [33m401 35.564 ms - 1402
2023-11-25 16:05:06 info: POST /user/login [32m200 567.479 ms - 122
2023-11-25 16:05:18 error: 401 - Invalid token - /user/profile - GET - ::1
2023-11-25 16:05:18 info: GET /user/profile [33m401 14.384 ms - 1402
2023-11-25 16:06:23 info: POST /user/login [32m200 661.353 ms - 122
2023-11-25 16:06:58 info: POST /user/login [32m200 551.231 ms - 122
2023-11-25 16:07:21 error: 401 - Invalid token - /user/profile - GET - ::1
2023-11-25 16:07:21 info: GET /user/profile [33m401 9.242 ms - 1402
2023-11-25 16:07:52 info: POST /user/login [32m200 571.286 ms - 122
2023-11-25 16:08:00 error: 401 - Invalid token - /user/profile - GET - ::1
2023-11-25 16:08:00 info: GET /user/profile [33m401 7.848 ms - 1402
2023-11-25 16:08:27 error: 404 - Please authenticate - /user/profile - GET - ::1
2023-11-25 16:08:27 info: GET /user/profile [33m404 4.589 ms - 61
2023-11-25 16:09:19 info: POST /user/login [32m200 617.345 ms - 122
2023-11-25 16:09:41 error: 401 - Invalid token - /user/profile - GET - ::1
2023-11-25 16:09:41 info: GET /user/profile [33m401 10.988 ms - 1402
2023-11-25 16:10:42 info: POST /user/login [32m200 451.889 ms - 122
2023-11-25 16:11:11 info: POST /user/login [32m200 1828.368 ms - 122
2023-11-25 16:12:20 info: POST /user/login [32m200 491.528 ms - 122
2023-11-25 16:12:42 error: 404 - route not found - /user/profile - POST - ::1
2023-11-25 16:12:42 info: POST /user/profile [33m404 7.255 ms - 57
2023-11-25 16:12:49 info: GET /user/profile [32m200 470.938 ms - 122
2023-11-25 17:24:55 error: 500 - isNullOrEmpty is not defined - /staff/signup - POST - ::1
2023-11-25 17:24:55 info: POST /staff/signup [31m500 11.061 ms - 1445
2023-11-25 17:25:39 error: 500 - isNullOrEmpty is not defined - /staff/signup - POST - ::1
2023-11-25 17:25:39 info: POST /staff/signup [31m500 11.368 ms - 1445
2023-11-25 17:26:01 error: 500 - AppError is not defined - /staff/signup - POST - ::1
2023-11-25 17:26:01 info: POST /staff/signup [31m500 372.687 ms - 313
2023-11-25 17:26:19 error: 400 - Email already registered - /staff/signup - POST - ::1
2023-11-25 17:26:19 info: POST /staff/signup [33m400 1483.329 ms - 307
2023-11-25 17:26:55 error: 401 - Invalid token - /staff/provide-credentials - POST - ::1
2023-11-25 17:26:55 info: POST /staff/provide-credentials [33m401 19.424 ms - 1402
2023-11-25 17:27:23 error: 500 - Staff validation failed: yearsOfExperience: Path `yearsOfExperience` is required. - /staff/signup - POST - ::1
2023-11-25 17:27:23 info: POST /staff/signup [31m500 437.331 ms - 695
2023-11-25 17:27:57 info: POST /staff/signup [32m200 559.334 ms - 2
2023-11-25 17:29:37 info: POST /staff/signup [32m200 532.521 ms - -
2023-11-25 17:29:42 info: POST /staff/signup [32m200 537.895 ms - -
2023-11-25 17:30:14 info: POST /staff/signup [32m200 1890.512 ms - -
2023-11-25 17:31:57 info: POST /staff/signup [32m200 589.297 ms - -
2023-11-25 17:32:02 error: 400 - Email already registered - /staff/signup - POST - ::1
2023-11-25 17:32:02 info: POST /staff/signup [33m400 338.351 ms - 307
2023-11-25 17:32:38 error: 400 - Email already registered - /staff/signup - POST - ::1
2023-11-25 17:32:38 info: POST /staff/signup [33m400 379.577 ms - 307
2023-11-25 17:32:43 info: POST /staff/signup [32m200 625.596 ms - 2
2023-11-25 17:33:40 error: 404 - route not found - /user/signup - POST - ::1
2023-11-25 17:33:40 info: POST /user/signup [33m404 2.473 ms - 57
2023-11-25 17:34:04 error: 500 - Staff is not defined - /user/register - POST - ::1
2023-11-25 17:34:04 info: POST /user/register [31m500 192.699 ms - 307
2023-11-25 17:34:29 error: 400 - Email already registered - /user/register - POST - ::1
2023-11-25 17:34:30 info: POST /user/register [33m400 358.013 ms - 306
2023-11-25 17:34:36 info: POST /user/register [32m200 517.572 ms - 157
2023-11-25 17:36:12 info: POST /staff/signup [32m200 544.073 ms - 2
2023-11-25 17:38:16 error: 400 - Email already registered - /staff/signup - POST - ::1
2023-11-25 17:38:16 info: POST /staff/signup [33m400 338.677 ms - 307
2023-11-25 17:38:28 error: 400 - Email already registered - /staff/signup - POST - ::1
2023-11-25 17:38:28 info: POST /staff/signup [33m400 333.308 ms - 307
2023-11-25 17:39:47 info: POST /staff/signup [32m200 2.912 ms - 9
2023-11-25 17:40:36 info: POST /staff/signup [32m200 581.590 ms - 2
2023-11-25 17:44:04 info: POST /staff/signup [32m200 533.386 ms - 2
2023-11-25 17:45:29 error: 400 - Email already registered - /staff/signup - POST - ::1
2023-11-25 17:45:29 info: POST /staff/signup [33m400 327.245 ms - 307
2023-11-25 17:45:35 info: POST /staff/signup [32m200 501.871 ms - 2
2023-11-25 17:46:49 info: POST /staff/signup [32m200 592.567 ms - 2
2023-11-25 17:48:41 info: POST /staff/signup [32m200 546.145 ms - 2
2023-11-25 17:49:09 info: POST /staff/signup [32m200 532.205 ms - 2
2023-11-25 17:50:21 info: POST /staff/signup [32m200 524.281 ms - 2
2023-11-25 17:51:01 info: POST /staff/signup [32m200 529.207 ms - 5
2023-11-25 17:51:26 info: POST /staff/signup [32m200 563.865 ms - -
2023-11-25 17:51:48 info: POST /staff/signup [32m200 551.800 ms - -
2023-11-25 17:55:01 info: POST /staff/signup [32m200 553.409 ms - 2
2023-11-25 17:55:41 info: POST /staff/signup [32m200 576.971 ms - 469
2023-11-25 17:56:57 error: 404 - Please authenticate - /staff/provide-credentials - POST - ::1
2023-11-25 17:56:57 info: POST /staff/provide-credentials [33m404 15.195 ms - 61
2023-11-25 17:57:01 error: 404 - Please authenticate - /staff/provide-credentials - POST - ::1
2023-11-25 17:57:01 info: POST /staff/provide-credentials [33m404 3.190 ms - 61
2023-11-25 17:57:17 info: POST /staff/signup [32m200 565.818 ms - 470
2023-11-25 17:57:33 error: 404 - Please authenticate - /staff/provide-credentials - POST - ::1
2023-11-25 17:57:33 info: POST /staff/provide-credentials [33m404 1.700 ms - 61
2023-11-25 17:58:09 error: 404 - Please authenticate - /staff/provide-credentials - POST - ::1
2023-11-25 17:58:09 info: POST /staff/provide-credentials [33m404 11.421 ms - 61
2023-11-25 17:59:16 error: 404 - Please authenticate - /staff/provide-credentials - POST - ::1
2023-11-25 17:59:16 info: POST /staff/provide-credentials [33m404 10.877 ms - 61
2023-11-25 18:01:00 info: POST /staff/register [32m200 564.723 ms - 471
2023-11-25 18:04:15 info: POST /staff/provide-credentials [32m200 188.383 ms - 458
2023-11-25 19:50:48 error: 404 - route not found - /staff/provide-credentials - POST - ::1
2023-11-25 19:50:48 info: POST /staff/provide-credentials [33m404 312.739 ms - 57
2023-11-25 19:51:33 error: 404 - route not found - /staff/provide-credentials - POST - ::1
2023-11-25 19:51:33 info: POST /staff/provide-credentials [33m404 343.067 ms - 57
2023-11-25 20:09:12 error: 404 - route not found - /staff/provide-credentials - POST - ::1
2023-11-25 20:09:12 info: POST /staff/provide-credentials [33m404 173.880 ms - 57
2023-11-25 20:11:51 error: 500 - Cannot read properties of undefined (reading 'certificate1') - /staff/provide-credentials - POST - ::1
2023-11-25 20:11:51 info: POST /staff/provide-credentials [31m500 204.799 ms - 874
2023-11-25 20:14:55 error: 500 - Please upload an image - /staff/provide-credentials - POST - ::1
2023-11-25 20:14:55 info: POST /staff/provide-credentials [31m500 34.950 ms - 1352
2023-11-25 20:15:39 error: 500 - Cannot read properties of undefined (reading '0') - /staff/provide-credentials - POST - ::1
2023-11-25 20:15:39 info: POST /staff/provide-credentials [31m500 392.986 ms - 852
2023-11-25 20:17:12 error: 500 - Cannot read properties of undefined (reading '0') - /staff/provide-credentials - POST - ::1
2023-11-25 20:17:12 info: POST /staff/provide-credentials [31m500 264.738 ms - 852
2023-11-25 20:17:29 error: 500 - Cannot read properties of undefined (reading '0') - /staff/provide-credentials - POST - ::1
2023-11-25 20:17:29 info: POST /staff/provide-credentials [31m500 321.464 ms - 852
2023-11-25 20:17:54 error: 500 - Unsupported input '[object Object]' of type object - /staff/provide-credentials - POST - ::1
2023-11-25 20:17:54 info: POST /staff/provide-credentials [31m500 292.013 ms - 1242
2023-11-25 20:18:33 error: 500 - Cannot read properties of undefined (reading '0') - /staff/provide-credentials - POST - ::1
2023-11-25 20:18:33 info: POST /staff/provide-credentials [31m500 238.583 ms - 852
2023-11-25 20:19:18 info: POST /staff/provide-credentials [32m200 2355.968 ms - 350999
2023-11-25 20:20:33 info: POST /staff/provide-credentials [32m200 205.552 ms - -
2023-11-25 20:20:37 info: POST /staff/provide-credentials [32m200 208.191 ms - -
2023-11-25 20:21:10 error: 500 - Unsupported input '[object Object]' of type object - /staff/provide-credentials - POST - ::1
2023-11-25 20:21:10 info: POST /staff/provide-credentials [31m500 227.748 ms - 1242
2023-11-25 20:21:39 error: 500 - Unsupported input '[object Object]' of type object - /staff/provide-credentials - POST - ::1
2023-11-25 20:21:39 info: POST /staff/provide-credentials [31m500 245.116 ms - 1242
2023-11-25 20:22:24 info: POST /staff/provide-credentials [32m200 4456.272 ms - 350999
2023-11-25 20:23:02 error: 500 - Input file is missing: - /staff/provide-credentials - POST - ::1
2023-11-25 20:23:02 info: POST /staff/provide-credentials [31m500 318.684 ms - 109
2023-11-25 20:24:29 error: 500 - Invalid input - /staff/provide-credentials - POST - ::1
2023-11-25 20:24:29 info: POST /staff/provide-credentials [31m500 229.316 ms - 900
2023-11-25 20:24:49 info: POST /staff/provide-credentials [32m200 242.655 ms - -
2023-11-25 20:25:14 info: POST /staff/provide-credentials [32m200 234.708 ms - 97955
2023-11-25 20:29:57 info: POST /staff/provide-credentials [32m200 276.152 ms - 60975
2023-11-26 08:13:48 error: 401 - Invalid token - /staff/provide-credentials - POST - ::1
2023-11-26 08:13:48 info: POST /staff/provide-credentials [33m401 10048.754 ms - 279
2023-11-26 09:05:45 info: POST /staff/register [32m200 502.167 ms - 449
2023-11-26 09:06:25 error: 500 - Cannot read properties of undefined (reading 'forEach') - /staff/provide-credentials - POST - ::1
2023-11-26 09:06:25 info: POST /staff/provide-credentials [31m500 5.425 ms - 1533
2023-11-26 09:06:58 error: 500 - Cannot read properties of undefined (reading 'forEach') - /staff/provide-credentials - POST - ::1
2023-11-26 09:06:58 info: POST /staff/provide-credentials [31m500 16.895 ms - 1533
2023-11-26 09:07:02 error: 500 - Cannot read properties of undefined (reading 'forEach') - /staff/provide-credentials - POST - ::1
2023-11-26 09:07:02 info: POST /staff/provide-credentials [31m500 5.634 ms - 1533
2023-11-26 09:07:38 error: 404 - Please authenticate - /staff/provide-credentials - POST - ::1
2023-11-26 09:07:38 info: POST /staff/provide-credentials [33m404 13.680 ms - 61
2023-11-26 09:07:59 info: POST /staff/register [32m200 487.737 ms - 450
2023-11-26 09:08:07 error: 500 - Cannot read properties of undefined (reading 'certificate1') - /staff/provide-credentials - POST - ::1
2023-11-26 09:08:07 info: POST /staff/provide-credentials [31m500 143.728 ms - 874
2023-11-26 09:09:39 info: POST /staff/provide-credentials [33m400 11.336 ms - 28
2023-11-26 09:10:11 info: POST /staff/provide-credentials [33m400 14.242 ms - 28
2023-11-26 09:26:54 error: 500 - Unexpected field - /staff/provide-credentials - POST - ::1
2023-11-26 09:26:54 info: POST /staff/provide-credentials [31m500 21.555 ms - 1295
2023-11-26 09:28:44 error: 500 - Unexpected field - /staff/provide-credentials - POST - ::1
2023-11-26 09:28:44 info: POST /staff/provide-credentials [31m500 24.370 ms - 1295
2023-11-26 09:29:25 error: 500 - Unexpected field - /staff/provide-credentials - POST - ::1
2023-11-26 09:29:25 info: POST /staff/provide-credentials [31m500 23.327 ms - 1295
2023-11-26 09:30:42 error: 500 - Unexpected field - /staff/provide-credentials - POST - ::1
2023-11-26 09:30:42 info: POST /staff/provide-credentials [31m500 20.582 ms - 1295
2023-11-26 09:31:11 error: 500 - Unexpected field - /staff/provide-credentials - POST - ::1
2023-11-26 09:31:11 info: POST /staff/provide-credentials [31m500 7.219 ms - 1295
2023-11-26 09:31:16 error: 500 - Unexpected field - /staff/provide-credentials - POST - ::1
2023-11-26 09:31:16 info: POST /staff/provide-credentials [31m500 5.167 ms - 1295
2023-11-26 09:31:48 info: POST /staff/provide-credentials [32m200 162.585 ms - 612
2023-11-26 09:32:15 info: POST /staff/provide-credentials [32m200 152.730 ms - 612
2023-11-26 09:32:24 info: POST /staff/provide-credentials [32m200 155.502 ms - 143966
2023-11-26 09:34:58 info: POST /staff/provide-credentials [32m200 3872.833 ms - 498
2023-11-26 09:35:57 info: POST /staff/provide-credentials [32m200 179.624 ms - 498
2023-11-26 09:36:02 info: POST /staff/provide-credentials [32m200 163.185 ms - 498
2023-11-26 09:36:14 info: POST /staff/provide-credentials [32m200 145.679 ms - 498
2023-11-26 09:37:02 info: POST /staff/provide-credentials [32m200 163.182 ms - 287679
2023-11-26 09:37:49 info: POST /staff/provide-credentials [32m200 143.519 ms - 655
2023-11-26 09:43:02 error: 500 - Please upload an image - /staff/provide-credentials - POST - ::1
2023-11-26 09:43:02 info: POST /staff/provide-credentials [31m500 7.387 ms - 1352
2023-11-26 09:43:13 info: POST /staff/provide-credentials [32m200 169.910 ms - 685447
2023-11-26 09:53:46 info: POST /staff/register [32m200 498.615 ms - 450
2023-11-26 09:54:07 info: POST /staff/provide-credentials [32m200 240.193 ms - 203
2023-11-26 09:54:40 info: POST /staff/provide-credentials [32m200 8320.653 ms - 1152
2023-11-26 21:03:45 error: 500 - image is not defined - /staff/provide-credentials - POST - ::1
2023-11-26 21:03:45 info: POST /staff/provide-credentials [31m500 250.328 ms - 308
2023-11-26 21:04:24 info: POST /staff/provide-credentials [32m200 248.391 ms - 555504
2023-11-26 21:13:31 error: 500 - Cannot read properties of undefined (reading 'length') - /staff/provide-credentials - POST - ::1
2023-11-26 21:13:31 info: POST /staff/provide-credentials [31m500 248.547 ms - 862
2023-11-26 21:14:06 error: 400 - Please validate all fields - /staff/provide-credentials - POST - ::1
2023-11-26 21:14:06 info: POST /staff/provide-credentials [33m400 1877.424 ms - 802
2023-11-26 21:16:26 info: POST /staff/provide-credentials [32m200 394.416 ms - 555635
2023-11-26 21:17:51 info: POST /staff/provide-credentials [32m200 257.430 ms - 555727
2023-11-26 21:19:43 error: 500 - professionalReferences.foreach is not a function - /staff/provide-credentials - POST - ::1
2023-11-26 21:19:43 info: POST /staff/provide-credentials [31m500 2704.979 ms - 359
2023-11-26 21:20:07 error: 500 - professionalReferences.map is not a function - /staff/provide-credentials - POST - ::1
2023-11-26 21:20:07 info: POST /staff/provide-credentials [31m500 7387.615 ms - 351
2023-11-26 21:21:43 error: 500 - professionalReferences.map is not a function - /staff/provide-credentials - POST - ::1
2023-11-26 21:21:43 info: POST /staff/provide-credentials [31m500 288.302 ms - 351
2023-11-26 21:22:01 info: POST /staff/provide-credentials [32m200 7143.195 ms - 557874
2023-11-26 21:22:41 info: POST /staff/provide-credentials [32m200 7379.109 ms - 555635
2023-11-26 21:24:00 error: 401 - Invalid token - /staff/provide-credentials - POST - ::1
2023-11-26 21:24:00 info: POST /staff/provide-credentials [33m401 10059.943 ms - 279
2023-11-26 21:24:10 error: 500 - Cannot read properties of undefined (reading 'map') - /staff/provide-credentials - POST - ::1
2023-11-26 21:24:10 info: POST /staff/provide-credentials [31m500 361.138 ms - 856
2023-11-26 21:24:23 error: 500 - Cannot read properties of undefined (reading 'map') - /staff/provide-credentials - POST - ::1
2023-11-26 21:24:23 info: POST /staff/provide-credentials [31m500 335.541 ms - 856
2023-11-26 21:24:52 info: POST /staff/register [32m200 797.491 ms - 479
2023-11-26 21:24:59 error: 500 - Cannot read properties of undefined (reading 'map') - /staff/provide-credentials - POST - ::1
2023-11-26 21:24:59 info: POST /staff/provide-credentials [31m500 151.177 ms - 856
2023-11-26 21:25:54 error: 500 - Cannot read properties of undefined (reading 'map') - /staff/provide-credentials - POST - ::1
2023-11-26 21:25:54 info: POST /staff/provide-credentials [31m500 196.008 ms - 856
2023-11-26 21:27:01 error: 500 - Cannot read properties of undefined (reading 'map') - /staff/provide-credentials - POST - ::1
2023-11-26 21:27:01 info: POST /staff/provide-credentials [31m500 252.651 ms - 856
2023-11-26 21:27:45 error: 401 - Invalid token - /staff/provide-credentials - POST - ::1
2023-11-26 21:27:45 info: POST /staff/provide-credentials [33m401 10071.784 ms - 279
2023-11-26 21:27:55 info: POST /staff/register [32m200 641.262 ms - 480
2023-11-26 21:28:01 error: 500 - images is not defined - /staff/provide-credentials - POST - ::1
2023-11-26 21:28:01 info: POST /staff/provide-credentials [31m500 169.535 ms - 800
2023-11-26 21:28:39 error: 500 - images is not defined - /staff/provide-credentials - POST - ::1
2023-11-26 21:28:39 info: POST /staff/provide-credentials [31m500 1376.568 ms - 800
2023-11-26 21:29:05 info: POST /staff/provide-credentials [32m200 2519.715 ms - 467
2023-11-26 21:29:20 info: POST /staff/provide-credentials [32m200 217.976 ms - 596
2023-11-26 21:29:45 info: POST /staff/provide-credentials [32m200 247.178 ms - 596
2023-11-26 21:31:27 info: POST /staff/provide-credentials [32m200 256.499 ms - 596
2023-11-26 21:32:28 info: POST /staff/provide-credentials [32m200 953.131 ms - 661
2023-11-26 21:34:06 info: POST /staff/provide-credentials [32m200 2039.054 ms - 661
2023-11-26 21:38:25 info: POST /staff/provide-credentials [32m200 257.822 ms - 658
2023-11-26 21:41:43 info: POST /staff/provide-credentials [32m200 4583.814 ms - 601
2023-11-26 21:43:11 info: POST /staff/provide-credentials [32m200 5012.222 ms - 601
2023-11-26 21:43:18 info: POST /staff/provide-credentials [32m200 163.030 ms - 601
2023-11-26 21:43:20 info: POST /staff/provide-credentials [32m200 230.510 ms - 601
2023-11-26 21:43:38 info: POST /staff/register [32m200 572.511 ms - 448
2023-11-26 21:44:14 info: POST /staff/register [32m200 1401.316 ms - 482
